#
# There is insufficient memory for the Java Runtime Environment to continue.
# Native memory allocation (malloc) failed to allocate 1633232 bytes. Error detail: Chunk::new
# Possible reasons:
#   The system is out of physical RAM or swap space
#   This process is running with CompressedOops enabled, and the Java Heap may be blocking the growth of the native heap
# Possible solutions:
#   Reduce memory load on the system
#   Increase physical memory or swap space
#   Check if swap backing store is full
#   Decrease Java heap size (-Xmx/-Xms)
#   Decrease number of Java threads
#   Decrease Java thread stack sizes (-Xss)
#   Set larger code cache with -XX:ReservedCodeCacheSize=
#   JVM is running with Zero Based Compressed Oops mode in which the Java heap is
#     placed in the first 32GB address space. The Java Heap base address is the
#     maximum limit for the native heap growth. Please use -XX:HeapBaseMinAddress
#     to set the Java Heap base and to place the Java Heap above 32GB virtual address.
# This output file may be truncated or incomplete.
#
#  Out of Memory Error (arena.cpp:162), pid=27228, tid=15520
#
# JRE version: OpenJDK Runtime Environment (24.0+36) (build 24+36-3646)
# Java VM: OpenJDK 64-Bit Server VM (24+36-3646, mixed mode, sharing, tiered, compressed oops, compressed class ptrs, g1 gc, windows-amd64)
# No core dump will be written. Minidumps are not enabled by default on client versions of Windows
#

---------------  S U M M A R Y ------------

Command Line: -javaagent:D:\IntelliJ IDEA Community Edition 2024.3.5\lib\idea_rt.jar=62666 -Dfile.encoding=UTF-8 -Dsun.stdout.encoding=UTF-8 -Dsun.stderr.encoding=UTF-8 by.forestapp.stepOne.StepOneApplication

Host: Intel(R) Core(TM) i5-10210U CPU @ 1.60GHz, 8 cores, 15G,  Windows 11 , 64 bit Build 26100 (10.0.26100.7623)
Time: Fri Feb  6 12:43:54 2026  Windows 11 , 64 bit Build 26100 (10.0.26100.7623) elapsed time: 24.540097 seconds (0d 0h 0m 24s)

---------------  T H R E A D  ---------------

Current thread (0x0000021a348a5030):  JavaThread "C2 CompilerThread0" daemon [_thread_in_native, id=15520, stack(0x0000002479f00000,0x000000247a000000) (1024K)]


Current CompileTask:
C2:24540 6697       4       org.antlr.v4.runtime.atn.ATNState::addTransition (192 bytes)

Stack: [0x0000002479f00000,0x000000247a000000]
Native frames: (J=compiled Java code, j=interpreted, Vv=VM code, C=native code)
V  [jvm.dll+0x7308c9]  (no source info available)
V  [jvm.dll+0x8d9ca3]  (no source info available)
V  [jvm.dll+0x8dc13d]  (no source info available)
V  [jvm.dll+0x8dc7b3]  (no source info available)
V  [jvm.dll+0x2aa046]  (no source info available)
V  [jvm.dll+0xced8f]  (no source info available)
V  [jvm.dll+0xcefef]  (no source info available)
V  [jvm.dll+0x154d23]  (no source info available)
V  [jvm.dll+0x7360ef]  (no source info available)
V  [jvm.dll+0x26f9dc]  (no source info available)
V  [jvm.dll+0x26e9ff]  (no source info available)
V  [jvm.dll+0x1e9d00]  (no source info available)
V  [jvm.dll+0x27e1bb]  (no source info available)
V  [jvm.dll+0x27c45a]  (no source info available)
V  [jvm.dll+0x42f566]  (no source info available)
V  [jvm.dll+0x87d8fb]  (no source info available)
V  [jvm.dll+0x72efe5]  (no source info available)
C  [ucrtbase.dll+0x37b0]  (no source info available)
C  [KERNEL32.DLL+0x2e8d7]  (no source info available)
C  [ntdll.dll+0x8c53c]  (no source info available)

Lock stack of current Java thread (top to bottom):


---------------  P R O C E S S  ---------------

Threads class SMR info:
_java_thread_list=0x0000021a7a9c4f80, length=31, elements={
0x0000021a3488a410, 0x0000021a3488cc60, 0x0000021a3488f7b0, 0x0000021a348902e0,
0x0000021a348924f0, 0x0000021a3489b160, 0x0000021a348a5030, 0x0000021a348adbc0,
0x0000021a34975860, 0x0000021a34975110, 0x0000021a34976700, 0x0000021a7e652c10,
0x0000021a7e651d70, 0x0000021a7e650ed0, 0x0000021a7e6524c0, 0x0000021a7e653ab0,
0x0000021a7e653360, 0x0000021a7e650780, 0x0000021a7e6550a0, 0x0000021a7e654200,
0x0000021a7e654950, 0x0000021a7e656de0, 0x0000021a7e657530, 0x0000021a7e657c80,
0x0000021a7e655f40, 0x0000021a7e6557f0, 0x0000021a7e656690, 0x0000021a7e47a910,
0x0000021a7e47b060, 0x0000021a7c00a9b0, 0x0000021a7c00b140
}

Java Threads: ( => current thread )
  0x0000021a3488a410 JavaThread "Reference Handler"          daemon [_thread_blocked, id=17120, stack(0x0000002479900000,0x0000002479a00000) (1024K)]
  0x0000021a3488cc60 JavaThread "Finalizer"                  daemon [_thread_blocked, id=26640, stack(0x0000002479a00000,0x0000002479b00000) (1024K)]
  0x0000021a3488f7b0 JavaThread "Signal Dispatcher"          daemon [_thread_blocked, id=3576, stack(0x0000002479b00000,0x0000002479c00000) (1024K)]
  0x0000021a348902e0 JavaThread "Attach Listener"            daemon [_thread_blocked, id=9384, stack(0x0000002479c00000,0x0000002479d00000) (1024K)]
  0x0000021a348924f0 JavaThread "Service Thread"             daemon [_thread_blocked, id=28060, stack(0x0000002479d00000,0x0000002479e00000) (1024K)]
  0x0000021a3489b160 JavaThread "Monitor Deflation Thread"   daemon [_thread_blocked, id=6484, stack(0x0000002479e00000,0x0000002479f00000) (1024K)]
=>0x0000021a348a5030 JavaThread "C2 CompilerThread0"         daemon [_thread_in_native, id=15520, stack(0x0000002479f00000,0x000000247a000000) (1024K)]
  0x0000021a348adbc0 JavaThread "C1 CompilerThread0"         daemon [_thread_blocked, id=16948, stack(0x000000247a000000,0x000000247a100000) (1024K)]
  0x0000021a34975860 JavaThread "Common-Cleaner"             daemon [_thread_blocked, id=34896, stack(0x000000247a100000,0x000000247a200000) (1024K)]
  0x0000021a34975110 JavaThread "Monitor Ctrl-Break"         daemon [_thread_in_native, id=29616, stack(0x000000247a400000,0x000000247a500000) (1024K)]
  0x0000021a34976700 JavaThread "Notification Thread"        daemon [_thread_blocked, id=13412, stack(0x000000247a500000,0x000000247a600000) (1024K)]
  0x0000021a7e652c10 JavaThread "Cleaner-0"                  daemon [_thread_blocked, id=20444, stack(0x000000247ab00000,0x000000247ac00000) (1024K)]
  0x0000021a7e651d70 JavaThread "HikariPool-1:housekeeper"   daemon [_thread_blocked, id=29568, stack(0x000000247ac00000,0x000000247ad00000) (1024K)]
  0x0000021a7e650ed0 JavaThread "Catalina-utility-1"                [_thread_blocked, id=30232, stack(0x000000247b100000,0x000000247b200000) (1024K)]
  0x0000021a7e6524c0 JavaThread "Catalina-utility-2"                [_thread_blocked, id=31260, stack(0x000000247b200000,0x000000247b300000) (1024K)]
  0x0000021a7e653ab0 JavaThread "container-0"                       [_thread_blocked, id=24784, stack(0x000000247b300000,0x000000247b400000) (1024K)]
  0x0000021a7e653360 JavaThread "http-nio-8080-exec-1"       daemon [_thread_blocked, id=4824, stack(0x000000247b400000,0x000000247b500000) (1024K)]
  0x0000021a7e650780 JavaThread "http-nio-8080-exec-2"       daemon [_thread_in_vm, id=33020, stack(0x000000247b500000,0x000000247b600000) (1024K)]
  0x0000021a7e6550a0 JavaThread "http-nio-8080-exec-3"       daemon [_thread_blocked, id=29236, stack(0x000000247b600000,0x000000247b700000) (1024K)]
  0x0000021a7e654200 JavaThread "http-nio-8080-exec-4"       daemon [_thread_blocked, id=35448, stack(0x000000247b700000,0x000000247b800000) (1024K)]
  0x0000021a7e654950 JavaThread "http-nio-8080-exec-5"       daemon [_thread_blocked, id=33504, stack(0x000000247b800000,0x000000247b900000) (1024K)]
  0x0000021a7e656de0 JavaThread "http-nio-8080-exec-6"       daemon [_thread_blocked, id=29912, stack(0x000000247b900000,0x000000247ba00000) (1024K)]
  0x0000021a7e657530 JavaThread "http-nio-8080-exec-7"       daemon [_thread_blocked, id=15460, stack(0x000000247ba00000,0x000000247bb00000) (1024K)]
  0x0000021a7e657c80 JavaThread "http-nio-8080-exec-8"       daemon [_thread_blocked, id=31160, stack(0x000000247bb00000,0x000000247bc00000) (1024K)]
  0x0000021a7e655f40 JavaThread "http-nio-8080-exec-9"       daemon [_thread_blocked, id=3564, stack(0x000000247bc00000,0x000000247bd00000) (1024K)]
  0x0000021a7e6557f0 JavaThread "http-nio-8080-exec-10"      daemon [_thread_blocked, id=25576, stack(0x000000247bd00000,0x000000247be00000) (1024K)]
  0x0000021a7e656690 JavaThread "http-nio-8080-Poller"       daemon [_thread_in_native, id=27432, stack(0x000000247be00000,0x000000247bf00000) (1024K)]
  0x0000021a7e47a910 JavaThread "http-nio-8080-Acceptor"     daemon [_thread_in_native, id=14852, stack(0x000000247bf00000,0x000000247c000000) (1024K)]
  0x0000021a7e47b060 JavaThread "DestroyJavaVM"                     [_thread_blocked, id=34744, stack(0x0000002479100000,0x0000002479200000) (1024K)]
  0x0000021a7c00a9b0 JavaThread "C2 CompilerThread1"         daemon [_thread_in_native, id=13888, stack(0x000000247a300000,0x000000247a400000) (1024K)]
  0x0000021a7c00b140 JavaThread "C2 CompilerThread2"         daemon [_thread_in_native, id=27512, stack(0x000000247b000000,0x000000247b100000) (1024K)]
Total: 31

Other Threads:
  0x0000021a31ff8ea0 VMThread "VM Thread"                           [id=32996, stack(0x0000002479800000,0x0000002479900000) (1024K)]
  0x0000021a31fe8dd0 WatcherThread "VM Periodic Task Thread"        [id=14096, stack(0x0000002479700000,0x0000002479800000) (1024K)]
  0x0000021a12efdf20 WorkerThread "GC Thread#0"                     [id=32536, stack(0x0000002479200000,0x0000002479300000) (1024K)]
  0x0000021a7ae99430 WorkerThread "GC Thread#1"                     [id=35668, stack(0x000000247a600000,0x000000247a700000) (1024K)]
  0x0000021a7aec4630 WorkerThread "GC Thread#2"                     [id=28028, stack(0x000000247a700000,0x000000247a800000) (1024K)]
  0x0000021a7ad8cfb0 WorkerThread "GC Thread#3"                     [id=25344, stack(0x000000247a800000,0x000000247a900000) (1024K)]
  0x0000021a7ad8d360 WorkerThread "GC Thread#4"                     [id=33492, stack(0x000000247a900000,0x000000247aa00000) (1024K)]
  0x0000021a7b091e10 WorkerThread "GC Thread#5"                     [id=33996, stack(0x000000247aa00000,0x000000247ab00000) (1024K)]
  0x0000021a7b394450 WorkerThread "GC Thread#6"                     [id=31596, stack(0x000000247ad00000,0x000000247ae00000) (1024K)]
  0x0000021a7b408320 WorkerThread "GC Thread#7"                     [id=26328, stack(0x000000247ae00000,0x000000247af00000) (1024K)]
  0x0000021a151c19d0 ConcurrentGCThread "G1 Main Marker"            [id=22072, stack(0x0000002479300000,0x0000002479400000) (1024K)]
  0x0000021a31e43bb0 WorkerThread "G1 Conc#0"                       [id=32256, stack(0x0000002479400000,0x0000002479500000) (1024K)]
  0x0000021a7b785a80 WorkerThread "G1 Conc#1"                       [id=34844, stack(0x000000247af00000,0x000000247b000000) (1024K)]
  0x0000021a31ea80d0 ConcurrentGCThread "G1 Refine#0"               [id=28788, stack(0x0000002479500000,0x0000002479600000) (1024K)]
  0x0000021a31ea8af0 ConcurrentGCThread "G1 Service"                [id=15736, stack(0x0000002479600000,0x0000002479700000) (1024K)]
Total: 15

Threads with active compile tasks:
C2 CompilerThread0  24660 6697       4       org.antlr.v4.runtime.atn.ATNState::addTransition (192 bytes)
C2 CompilerThread1  24660 6791       4       org.antlr.v4.runtime.atn.ParserATNSimulator::closure_ (343 bytes)
Total: 2

VM state: not at safepoint (normal execution)

VM Mutex/Monitor currently owned by a thread: None

Heap address: 0x0000000702800000, size: 4056 MB, Compressed Oops mode: Zero based, Oop shift amount: 3

CDS archive(s) mapped at: [0x0000021a35000000-0x0000021a35d40000-0x0000021a35d40000), size 13893632, SharedBaseAddress: 0x0000021a35000000, ArchiveRelocationMode: 1.
Compressed class space mapped at: 0x0000021a36000000-0x0000021a76000000, reserved size: 1073741824
UseCompressedClassPointers 1, UseCompactObjectHeaders 0
Narrow klass pointer bits 32, Max shift 3
Narrow klass base: 0x0000021a35000000, Narrow klass shift: 0
Encoding Range: [0x0000021a35000000 - 0x0000021b35000000), (4294967296 bytes)
Klass Range:    [0x0000021a35000000 - 0x0000021a76000000), (1090519040 bytes)
Klass ID Range:  [8 - 1090519033) (1090519025)

GC Precious Log:
 CardTable entry size: 512
 Card Set container configuration: InlinePtr #cards 4 size 8 Array Of Cards #cards 16 size 48 Howl #buckets 8 coarsen threshold 3686 Howl Bitmap #cards 512 size 80 coarsen threshold 460 Card regions per heap region 1 cards per card region 4096
 CPUs: 8 total, 8 available
 Memory: 16221M
 Large Page Support: Disabled
 NUMA Support: Disabled
 Compressed Oops: Enabled (Zero based)
 Heap Region Size: 2M
 Heap Min Capacity: 8M
 Heap Initial Capacity: 254M
 Heap Max Capacity: 4056M
 Pre-touch: Disabled
 Parallel Workers: 8
 Concurrent Workers: 2
 Concurrent Refinement Workers: 8
 Periodic GC: Disabled

Heap:
 garbage-first heap   total reserved 4153344K, committed 110592K, used 46899K [0x0000000702800000, 0x0000000800000000)
  region size 2048K, 10 young (20480K), 4 survivors (8192K)
 Metaspace       used 83355K, committed 84032K, reserved 1179648K
  class space    used 9258K, committed 9536K, reserved 1048576K

Heap Regions: E=young(eden), S=young(survivor), O=old, HS=humongous(starts), HC=humongous(continues), CS=collection set, F=free, TAMS=top-at-mark-start, PB=parsable bottom
|   0|0x0000000702800000, 0x0000000702a00000, 0x0000000702a00000|100%| O|  |TAMS 0x0000000702800000| PB 0x0000000702800000| Untracked |  0
|   1|0x0000000702a00000, 0x0000000702c00000, 0x0000000702c00000|100%| O|  |TAMS 0x0000000702a00000| PB 0x0000000702a00000| Untracked |  0
|   2|0x0000000702c00000, 0x0000000702e00000, 0x0000000702e00000|100%| O|  |TAMS 0x0000000702c00000| PB 0x0000000702c00000| Untracked |  0
|   3|0x0000000702e00000, 0x0000000703000000, 0x0000000703000000|100%| O|  |TAMS 0x0000000702e00000| PB 0x0000000702e00000| Untracked |  0
|   4|0x0000000703000000, 0x0000000703200000, 0x0000000703200000|100%| O|  |TAMS 0x0000000703000000| PB 0x0000000703000000| Untracked |  0
|   5|0x0000000703200000, 0x0000000703400000, 0x0000000703400000|100%| O|  |TAMS 0x0000000703200000| PB 0x0000000703200000| Untracked |  0
|   6|0x0000000703400000, 0x0000000703600000, 0x0000000703600000|100%| O|  |TAMS 0x0000000703400000| PB 0x0000000703400000| Untracked |  0
|   7|0x0000000703600000, 0x0000000703800000, 0x0000000703800000|100%| O|  |TAMS 0x0000000703600000| PB 0x0000000703600000| Untracked |  0
|   8|0x0000000703800000, 0x0000000703800000, 0x0000000703a00000|  0%| F|  |TAMS 0x0000000703800000| PB 0x0000000703800000| Untracked |  0
|   9|0x0000000703a00000, 0x0000000703c00000, 0x0000000703c00000|100%| O|  |TAMS 0x0000000703a00000| PB 0x0000000703a00000| Untracked |  0
|  10|0x0000000703c00000, 0x0000000703e00000, 0x0000000703e00000|100%| O|  |TAMS 0x0000000703c00000| PB 0x0000000703c00000| Untracked |  0
|  11|0x0000000703e00000, 0x0000000704000000, 0x0000000704000000|100%| O|  |TAMS 0x0000000703e00000| PB 0x0000000703e00000| Untracked |  0
|  12|0x0000000704000000, 0x0000000704200000, 0x0000000704200000|100%| O|  |TAMS 0x0000000704000000| PB 0x0000000704000000| Untracked |  0
|  13|0x0000000704200000, 0x00000007043674c0, 0x0000000704400000| 70%| O|  |TAMS 0x0000000704200000| PB 0x0000000704200000| Untracked |  0
|  14|0x0000000704400000, 0x0000000704600000, 0x0000000704600000|100%| O|  |TAMS 0x0000000704400000| PB 0x0000000704400000| Untracked |  0
|  15|0x0000000704600000, 0x0000000704800000, 0x0000000704800000|100%| O|  |TAMS 0x0000000704600000| PB 0x0000000704600000| Untracked |  0
|  16|0x0000000704800000, 0x0000000704865af8, 0x0000000704a00000| 19%| O|  |TAMS 0x0000000704800000| PB 0x0000000704800000| Untracked |  0
|  17|0x0000000704a00000, 0x0000000704a00000, 0x0000000704c00000|  0%| F|  |TAMS 0x0000000704a00000| PB 0x0000000704a00000| Untracked |  0
|  18|0x0000000704c00000, 0x0000000704c00000, 0x0000000704e00000|  0%| F|  |TAMS 0x0000000704c00000| PB 0x0000000704c00000| Untracked |  0
|  19|0x0000000704e00000, 0x0000000704e00000, 0x0000000705000000|  0%| F|  |TAMS 0x0000000704e00000| PB 0x0000000704e00000| Untracked |  0
|  20|0x0000000705000000, 0x0000000705000000, 0x0000000705200000|  0%| F|  |TAMS 0x0000000705000000| PB 0x0000000705000000| Untracked |  0
|  21|0x0000000705200000, 0x0000000705200000, 0x0000000705400000|  0%| F|  |TAMS 0x0000000705200000| PB 0x0000000705200000| Untracked |  0
|  22|0x0000000705400000, 0x0000000705400000, 0x0000000705600000|  0%| F|  |TAMS 0x0000000705400000| PB 0x0000000705400000| Untracked |  0
|  23|0x0000000705600000, 0x0000000705600000, 0x0000000705800000|  0%| F|  |TAMS 0x0000000705600000| PB 0x0000000705600000| Untracked |  0
|  24|0x0000000705800000, 0x0000000705a00000, 0x0000000705a00000|100%| S|CS|TAMS 0x0000000705800000| PB 0x0000000705800000| Complete |  0
|  25|0x0000000705a00000, 0x0000000705c00000, 0x0000000705c00000|100%| S|CS|TAMS 0x0000000705a00000| PB 0x0000000705a00000| Complete |  0
|  26|0x0000000705c00000, 0x0000000705e00000, 0x0000000705e00000|100%| S|CS|TAMS 0x0000000705c00000| PB 0x0000000705c00000| Complete |  0
|  27|0x0000000705e00000, 0x0000000706000000, 0x0000000706000000|100%| S|CS|TAMS 0x0000000705e00000| PB 0x0000000705e00000| Complete |  0
|  28|0x0000000706000000, 0x0000000706000000, 0x0000000706200000|  0%| F|  |TAMS 0x0000000706000000| PB 0x0000000706000000| Untracked |  0
|  29|0x0000000706200000, 0x0000000706200000, 0x0000000706400000|  0%| F|  |TAMS 0x0000000706200000| PB 0x0000000706200000| Untracked |  0
|  30|0x0000000706400000, 0x0000000706400000, 0x0000000706600000|  0%| F|  |TAMS 0x0000000706400000| PB 0x0000000706400000| Untracked |  0
|  31|0x0000000706600000, 0x0000000706600000, 0x0000000706800000|  0%| F|  |TAMS 0x0000000706600000| PB 0x0000000706600000| Untracked |  0
|  32|0x0000000706800000, 0x0000000706800000, 0x0000000706a00000|  0%| F|  |TAMS 0x0000000706800000| PB 0x0000000706800000| Untracked |  0
|  33|0x0000000706a00000, 0x0000000706a00000, 0x0000000706c00000|  0%| F|  |TAMS 0x0000000706a00000| PB 0x0000000706a00000| Untracked |  0
|  34|0x0000000706c00000, 0x0000000706c00000, 0x0000000706e00000|  0%| F|  |TAMS 0x0000000706c00000| PB 0x0000000706c00000| Untracked |  0
|  35|0x0000000706e00000, 0x0000000706e00000, 0x0000000707000000|  0%| F|  |TAMS 0x0000000706e00000| PB 0x0000000706e00000| Untracked |  0
|  36|0x0000000707000000, 0x0000000707000000, 0x0000000707200000|  0%| F|  |TAMS 0x0000000707000000| PB 0x0000000707000000| Untracked |  0
|  37|0x0000000707200000, 0x0000000707200000, 0x0000000707400000|  0%| F|  |TAMS 0x0000000707200000| PB 0x0000000707200000| Untracked |  0
|  38|0x0000000707400000, 0x0000000707400000, 0x0000000707600000|  0%| F|  |TAMS 0x0000000707400000| PB 0x0000000707400000| Untracked |  0
|  39|0x0000000707600000, 0x0000000707600000, 0x0000000707800000|  0%| F|  |TAMS 0x0000000707600000| PB 0x0000000707600000| Untracked |  0
|  40|0x0000000707800000, 0x0000000707800000, 0x0000000707a00000|  0%| F|  |TAMS 0x0000000707800000| PB 0x0000000707800000| Untracked |  0
|  41|0x0000000707a00000, 0x0000000707a00000, 0x0000000707c00000|  0%| F|  |TAMS 0x0000000707a00000| PB 0x0000000707a00000| Untracked |  0
|  42|0x0000000707c00000, 0x0000000707c00000, 0x0000000707e00000|  0%| F|  |TAMS 0x0000000707c00000| PB 0x0000000707c00000| Untracked |  0
|  43|0x0000000707e00000, 0x0000000707e00000, 0x0000000708000000|  0%| F|  |TAMS 0x0000000707e00000| PB 0x0000000707e00000| Untracked |  0
|  44|0x0000000708000000, 0x0000000708000000, 0x0000000708200000|  0%| F|  |TAMS 0x0000000708000000| PB 0x0000000708000000| Untracked |  0
|  45|0x0000000708200000, 0x0000000708200000, 0x0000000708400000|  0%| F|  |TAMS 0x0000000708200000| PB 0x0000000708200000| Untracked |  0
|  46|0x0000000708400000, 0x0000000708400000, 0x0000000708600000|  0%| F|  |TAMS 0x0000000708400000| PB 0x0000000708400000| Untracked |  0
|  47|0x0000000708600000, 0x0000000708600000, 0x0000000708800000|  0%| F|  |TAMS 0x0000000708600000| PB 0x0000000708600000| Untracked |  0
|  48|0x0000000708800000, 0x000000070893d8d0, 0x0000000708a00000| 62%| E|  |TAMS 0x0000000708800000| PB 0x0000000708800000| Complete |  0
|  49|0x0000000708a00000, 0x0000000708c00000, 0x0000000708c00000|100%| E|  |TAMS 0x0000000708a00000| PB 0x0000000708a00000| Complete |  0
|  51|0x0000000708e00000, 0x0000000709000000, 0x0000000709000000|100%| E|CS|TAMS 0x0000000708e00000| PB 0x0000000708e00000| Complete |  0
|  52|0x0000000709000000, 0x0000000709200000, 0x0000000709200000|100%| E|CS|TAMS 0x0000000709000000| PB 0x0000000709000000| Complete |  0
|  53|0x0000000709200000, 0x0000000709400000, 0x0000000709400000|100%| E|CS|TAMS 0x0000000709200000| PB 0x0000000709200000| Complete |  0
|2027|0x00000007ffe00000, 0x0000000800000000, 0x0000000800000000|100%| E|CS|TAMS 0x00000007ffe00000| PB 0x00000007ffe00000| Complete |  0

Card table byte_map: [0x0000021a2d620000,0x0000021a2de10000] _byte_map_base: 0x0000021a29e0c000

Marking Bits: (CMBitMap*) 0x0000021a12efe630
 Bits: [0x0000021a2de10000, 0x0000021a31d70000)

Polling page: 0x0000021a14910000

Metaspace:

Usage:
  Non-class:     72.37 MB used.
      Class:      9.05 MB used.
       Both:     81.42 MB used.

Virtual space:
  Non-class space:      128.00 MB reserved,      72.75 MB ( 57%) committed,  2 nodes.
      Class space:        1.00 GB reserved,       9.31 MB ( <1%) committed,  1 nodes.
             Both:        1.12 GB reserved,      82.06 MB (  7%) committed. 

Chunk freelists:
   Non-Class:  7.28 MB
       Class:  6.59 MB
        Both:  13.88 MB

MaxMetaspaceSize: unlimited
CompressedClassSpaceSize: 1.00 GB
Initial GC threshold: 21.00 MB
Current GC threshold: 98.44 MB
CDS: on
 - commit_granule_bytes: 65536.
 - commit_granule_words: 8192.
 - virtual_space_node_default_size: 8388608.
 - enlarge_chunks_in_place: 1.
UseCompressedClassPointers 1, UseCompactObjectHeaders 0
Narrow klass pointer bits 32, Max shift 3
Narrow klass base: 0x0000021a35000000, Narrow klass shift: 0
Encoding Range: [0x0000021a35000000 - 0x0000021b35000000), (4294967296 bytes)
Klass Range:    [0x0000021a35000000 - 0x0000021a76000000), (1090519040 bytes)
Klass ID Range:  [8 - 1090519033) (1090519025)


Internal statistics:

num_allocs_failed_limit: 11.
num_arena_births: 880.
num_arena_deaths: 0.
num_vsnodes_births: 3.
num_vsnodes_deaths: 0.
num_space_committed: 1313.
num_space_uncommitted: 0.
num_chunks_returned_to_freelist: 11.
num_chunks_taken_from_freelist: 3853.
num_chunk_merges: 11.
num_chunk_splits: 2858.
num_chunks_enlarged: 2366.
num_inconsistent_stats: 0.

CodeHeap 'non-profiled nmethods': size=120064Kb used=3779Kb max_used=3779Kb free=116285Kb
 bounds [0x0000021a254a0000, 0x0000021a25860000, 0x0000021a2c9e0000]
CodeHeap 'profiled nmethods': size=120000Kb used=10686Kb max_used=10686Kb free=109313Kb
 bounds [0x0000021a1d9e0000, 0x0000021a1e450000, 0x0000021a24f10000]
CodeHeap 'non-nmethods': size=5696Kb used=1570Kb max_used=1628Kb free=4125Kb
 bounds [0x0000021a24f10000, 0x0000021a25180000, 0x0000021a254a0000]
CodeCache: size=245760Kb, used=16035Kb, max_used=16093Kb, free=229723Kb
 total_blobs=6899, nmethods=6173, adapters=630, full_count=0
Compilation: enabled, stopped_count=0, restarted_count=0

Compilation events (20 events):
Event: 21.532 Thread 0x0000021a348adbc0 nmethod 6700 0x0000021a1e40c688 code [0x0000021a1e40c7a0, 0x0000021a1e40c978]
Event: 21.532 Thread 0x0000021a348adbc0 6701       3       org.antlr.v4.runtime.atn.ATN::getDecisionState (28 bytes)
Event: 21.532 Thread 0x0000021a348adbc0 nmethod 6701 0x0000021a1e40ca08 code [0x0000021a1e40cb40, 0x0000021a1e40cf20]
Event: 21.532 Thread 0x0000021a348adbc0 6702       3       org.antlr.v4.runtime.dfa.DFA::<init> (95 bytes)
Event: 21.533 Thread 0x0000021a348adbc0 nmethod 6702 0x0000021a1e40cf88 code [0x0000021a1e40d120, 0x0000021a1e40dc98]
Event: 23.535 Thread 0x0000021a348adbc0 6703       3       org.antlr.v4.runtime.misc.MurmurHash::update (75 bytes)
Event: 23.535 Thread 0x0000021a348adbc0 nmethod 6703 0x0000021a1e40dd08 code [0x0000021a1e40de20, 0x0000021a1e40df48]
Event: 23.535 Thread 0x0000021a348adbc0 6704       3       org.antlr.v4.runtime.misc.MurmurHash::update (17 bytes)
Event: 23.535 Thread 0x0000021a348adbc0 nmethod 6704 0x0000021a1e40e008 code [0x0000021a1e40e140, 0x0000021a1e40e370]
Event: 23.535 Thread 0x0000021a348adbc0 6705       1       org.antlr.v4.runtime.atn.PredictionContext::hashCode (5 bytes)
Event: 23.535 Thread 0x0000021a348adbc0 nmethod 6705 0x0000021a25842288 code [0x0000021a25842380, 0x0000021a25842448]
Event: 23.535 Thread 0x0000021a348adbc0 6708       3       org.antlr.v4.runtime.atn.LexerATNSimulator::closure (298 bytes)
Event: 24.537 Thread 0x0000021a348adbc0 nmethod 6708 0x0000021a1e40e388 code [0x0000021a1e40e6a0, 0x0000021a1e410458]
Event: 24.537 Thread 0x0000021a348adbc0 6711       3       org.antlr.v4.runtime.misc.MurmurHash::initialize (2 bytes)
Event: 24.537 Thread 0x0000021a348adbc0 nmethod 6711 0x0000021a1e410508 code [0x0000021a1e410620, 0x0000021a1e410708]
Event: 24.537 Thread 0x0000021a348adbc0 6712       3       org.antlr.v4.runtime.misc.MurmurHash::finish (39 bytes)
Event: 24.537 Thread 0x0000021a348adbc0 nmethod 6712 0x0000021a1e410808 code [0x0000021a1e410920, 0x0000021a1e410a38]
Event: 24.537 Thread 0x0000021a348adbc0 6715       3       org.antlr.v4.runtime.atn.LexerATNConfig::hashCode (80 bytes)
Event: 24.537 Thread 0x0000021a348adbc0 nmethod 6715 0x0000021a1e410b08 code [0x0000021a1e410cc0, 0x0000021a1e411400]
Event: 24.537 Thread 0x0000021a348adbc0 6709       3       org.antlr.v4.runtime.atn.LexerATNSimulator::getEpsilonTarget (288 bytes)

GC Heap History (20 events):
Event: 3.876 GC heap before
{Heap before GC invocations=1 (full 0):
 garbage-first heap   total reserved 4153344K, committed 262144K, used 43426K [0x0000000702800000, 0x0000000800000000)
  region size 2048K, 20 young (40960K), 3 survivors (6144K)
 Metaspace       used 21242K, committed 21504K, reserved 1114112K
  class space    used 2101K, committed 2240K, reserved 1048576K
}
Event: 3.887 GC heap after
{Heap after GC invocations=2 (full 0):
 garbage-first heap   total reserved 4153344K, committed 262144K, used 14889K [0x0000000702800000, 0x0000000800000000)
  region size 2048K, 6 young (12288K), 6 survivors (12288K)
 Metaspace       used 21242K, committed 21504K, reserved 1114112K
  class space    used 2101K, committed 2240K, reserved 1048576K
}
Event: 4.549 GC heap before
{Heap before GC invocations=3 (full 0):
 garbage-first heap   total reserved 4153344K, committed 61440K, used 39465K [0x0000000702800000, 0x0000000800000000)
  region size 2048K, 18 young (36864K), 6 survivors (12288K)
 Metaspace       used 25819K, committed 26112K, reserved 1114112K
  class space    used 2511K, committed 2624K, reserved 1048576K
}
Event: 4.564 GC heap after
{Heap after GC invocations=4 (full 0):
 garbage-first heap   total reserved 4153344K, committed 61440K, used 18026K [0x0000000702800000, 0x0000000800000000)
  region size 2048K, 2 young (4096K), 2 survivors (4096K)
 Metaspace       used 25819K, committed 26112K, reserved 1114112K
  class space    used 2511K, committed 2624K, reserved 1048576K
}
Event: 5.266 GC heap before
{Heap before GC invocations=4 (full 0):
 garbage-first heap   total reserved 4153344K, committed 61440K, used 40554K [0x0000000702800000, 0x0000000800000000)
  region size 2048K, 14 young (28672K), 2 survivors (4096K)
 Metaspace       used 29317K, committed 29632K, reserved 1114112K
  class space    used 2926K, committed 3072K, reserved 1048576K
}
Event: 5.287 GC heap after
{Heap after GC invocations=5 (full 0):
 garbage-first heap   total reserved 4153344K, committed 61440K, used 21009K [0x0000000702800000, 0x0000000800000000)
  region size 2048K, 2 young (4096K), 2 survivors (4096K)
 Metaspace       used 29317K, committed 29632K, reserved 1114112K
  class space    used 2926K, committed 3072K, reserved 1048576K
}
Event: 6.712 GC heap before
{Heap before GC invocations=5 (full 0):
 garbage-first heap   total reserved 4153344K, committed 61440K, used 45585K [0x0000000702800000, 0x0000000800000000)
  region size 2048K, 14 young (28672K), 2 survivors (4096K)
 Metaspace       used 33392K, committed 33728K, reserved 1114112K
  class space    used 3360K, committed 3520K, reserved 1048576K
}
Event: 6.725 GC heap after
{Heap after GC invocations=6 (full 0):
 garbage-first heap   total reserved 4153344K, committed 61440K, used 22939K [0x0000000702800000, 0x0000000800000000)
  region size 2048K, 1 young (2048K), 1 survivors (2048K)
 Metaspace       used 33392K, committed 33728K, reserved 1114112K
  class space    used 3360K, committed 3520K, reserved 1048576K
}
Event: 7.268 GC heap before
{Heap before GC invocations=6 (full 0):
 garbage-first heap   total reserved 4153344K, committed 61440K, used 35227K [0x0000000702800000, 0x0000000800000000)
  region size 2048K, 8 young (16384K), 1 survivors (2048K)
 Metaspace       used 35793K, committed 36096K, reserved 1114112K
  class space    used 3629K, committed 3776K, reserved 1048576K
}
Event: 7.282 GC heap after
{Heap after GC invocations=7 (full 0):
 garbage-first heap   total reserved 4153344K, committed 61440K, used 24239K [0x0000000702800000, 0x0000000800000000)
  region size 2048K, 2 young (4096K), 2 survivors (4096K)
 Metaspace       used 35793K, committed 36096K, reserved 1114112K
  class space    used 3629K, committed 3776K, reserved 1048576K
}
Event: 9.078 GC heap before
{Heap before GC invocations=8 (full 0):
 garbage-first heap   total reserved 4153344K, committed 61440K, used 48815K [0x0000000702800000, 0x0000000800000000)
  region size 2048K, 14 young (28672K), 2 survivors (4096K)
 Metaspace       used 39907K, committed 40384K, reserved 1114112K
  class space    used 4134K, committed 4352K, reserved 1048576K
}
Event: 9.101 GC heap after
{Heap after GC invocations=9 (full 0):
 garbage-first heap   total reserved 4153344K, committed 61440K, used 26488K [0x0000000702800000, 0x0000000800000000)
  region size 2048K, 2 young (4096K), 2 survivors (4096K)
 Metaspace       used 39907K, committed 40384K, reserved 1114112K
  class space    used 4134K, committed 4352K, reserved 1048576K
}
Event: 10.414 GC heap before
{Heap before GC invocations=9 (full 0):
 garbage-first heap   total reserved 4153344K, committed 61440K, used 49016K [0x0000000702800000, 0x0000000800000000)
  region size 2048K, 13 young (26624K), 2 survivors (4096K)
 Metaspace       used 45339K, committed 45824K, reserved 1114112K
  class space    used 4797K, committed 4992K, reserved 1048576K
}
Event: 10.436 GC heap after
{Heap after GC invocations=10 (full 0):
 garbage-first heap   total reserved 4153344K, committed 161792K, used 28061K [0x0000000702800000, 0x0000000800000000)
  region size 2048K, 1 young (2048K), 1 survivors (2048K)
 Metaspace       used 45339K, committed 45824K, reserved 1114112K
  class space    used 4797K, committed 4992K, reserved 1048576K
}
Event: 14.181 GC heap before
{Heap before GC invocations=10 (full 0):
 garbage-first heap   total reserved 4153344K, committed 161792K, used 75165K [0x0000000702800000, 0x0000000800000000)
  region size 2048K, 26 young (53248K), 1 survivors (2048K)
 Metaspace       used 59904K, committed 60288K, reserved 1114112K
  class space    used 6176K, committed 6336K, reserved 1048576K
}
Event: 14.199 GC heap after
{Heap after GC invocations=11 (full 0):
 garbage-first heap   total reserved 4153344K, committed 161792K, used 31302K [0x0000000702800000, 0x0000000800000000)
  region size 2048K, 3 young (6144K), 3 survivors (6144K)
 Metaspace       used 59904K, committed 60288K, reserved 1114112K
  class space    used 6176K, committed 6336K, reserved 1048576K
}
Event: 17.573 GC heap before
{Heap before GC invocations=12 (full 0):
 garbage-first heap   total reserved 4153344K, committed 110592K, used 90694K [0x0000000702800000, 0x0000000800000000)
  region size 2048K, 32 young (65536K), 3 survivors (6144K)
 Metaspace       used 72573K, committed 73152K, reserved 1179648K
  class space    used 7789K, committed 8064K, reserved 1048576K
}
Event: 17.584 GC heap after
{Heap after GC invocations=13 (full 0):
 garbage-first heap   total reserved 4153344K, committed 110592K, used 35536K [0x0000000702800000, 0x0000000800000000)
  region size 2048K, 4 young (8192K), 4 survivors (8192K)
 Metaspace       used 72573K, committed 73152K, reserved 1179648K
  class space    used 7789K, committed 8064K, reserved 1048576K
}
Event: 21.173 GC heap before
{Heap before GC invocations=13 (full 0):
 garbage-first heap   total reserved 4153344K, committed 110592K, used 88784K [0x0000000702800000, 0x0000000800000000)
  region size 2048K, 30 young (61440K), 4 survivors (8192K)
 Metaspace       used 81515K, committed 82176K, reserved 1179648K
  class space    used 8889K, committed 9152K, reserved 1048576K
}
Event: 21.190 GC heap after
{Heap after GC invocations=14 (full 0):
 garbage-first heap   total reserved 4153344K, committed 110592K, used 38707K [0x0000000702800000, 0x0000000800000000)
  region size 2048K, 4 young (8192K), 4 survivors (8192K)
 Metaspace       used 81515K, committed 82176K, reserved 1179648K
  class space    used 8889K, committed 9152K, reserved 1048576K
}

Dll operation events (12 events):
Event: 0.025 Loaded shared library C:\Users\gifte\.jdks\openjdk-24\bin\java.dll
Event: 0.080 Loaded shared library C:\Users\gifte\.jdks\openjdk-24\bin\jsvml.dll
Event: 0.309 Loaded shared library C:\Users\gifte\.jdks\openjdk-24\bin\zip.dll
Event: 0.314 Loaded shared library C:\Users\gifte\.jdks\openjdk-24\bin\instrument.dll
Event: 0.322 Loaded shared library C:\Users\gifte\.jdks\openjdk-24\bin\net.dll
Event: 0.326 Loaded shared library C:\Users\gifte\.jdks\openjdk-24\bin\nio.dll
Event: 0.331 Loaded shared library C:\Users\gifte\.jdks\openjdk-24\bin\zip.dll
Event: 0.580 Loaded shared library C:\Users\gifte\.jdks\openjdk-24\bin\extnet.dll
Event: 0.624 Loaded shared library C:\Users\gifte\.jdks\openjdk-24\bin\jimage.dll
Event: 3.441 Loaded shared library C:\Users\gifte\.jdks\openjdk-24\bin\sunmscapi.dll
Event: 8.304 Loaded shared library C:\Users\gifte\.jdks\openjdk-24\bin\management.dll
Event: 8.309 Loaded shared library C:\Users\gifte\.jdks\openjdk-24\bin\management_ext.dll

Deoptimization events (20 events):
Event: 20.888 Thread 0x0000021a7e650780 Uncommon trap: trap_request=0xffffff66 fr.pc=0x0000021a2571a5fc relative=0x000000000000075c
Event: 20.888 Thread 0x0000021a7e650780 Uncommon trap: reason=speculate_class_check action=maybe_recompile pc=0x0000021a2571a5fc method=sun.security.provider.DigestBase.engineReset()V @ 11 c2
Event: 20.888 Thread 0x0000021a7e650780 DEOPT PACKING pc=0x0000021a2571a5fc sp=0x000000247b5fcc30
Event: 20.888 Thread 0x0000021a7e650780 DEOPT UNPACKING pc=0x0000021a25026782 sp=0x000000247b5fcba8 mode 2
Event: 20.888 Thread 0x0000021a7e650780 Uncommon trap: trap_request=0xffffffde fr.pc=0x0000021a257190b0 relative=0x0000000000000090
Event: 20.888 Thread 0x0000021a7e650780 Uncommon trap: reason=class_check action=maybe_recompile pc=0x0000021a257190b0 method=java.security.MessageDigest$Delegate.engineDigest([BII)I @ 7 c2
Event: 20.888 Thread 0x0000021a7e650780 DEOPT PACKING pc=0x0000021a257190b0 sp=0x000000247b5fcce0
Event: 20.888 Thread 0x0000021a7e650780 DEOPT UNPACKING pc=0x0000021a25026782 sp=0x000000247b5fcbf8 mode 2
Event: 20.888 Thread 0x0000021a7e650780 Uncommon trap: trap_request=0xffffffde fr.pc=0x0000021a25715fe4 relative=0x00000000000008a4
Event: 20.888 Thread 0x0000021a7e650780 Uncommon trap: reason=class_check action=maybe_recompile pc=0x0000021a25715fe4 method=sun.security.provider.DigestBase.engineDigest([BII)I @ 97 c2
Event: 20.888 Thread 0x0000021a7e650780 DEOPT PACKING pc=0x0000021a25715fe4 sp=0x000000247b5fcb90
Event: 20.888 Thread 0x0000021a7e650780 DEOPT UNPACKING pc=0x0000021a25026782 sp=0x000000247b5fcb80 mode 2
Event: 20.903 Thread 0x0000021a7e650780 Uncommon trap: trap_request=0xffffff66 fr.pc=0x0000021a257d9ecc relative=0x0000000000001fcc
Event: 20.903 Thread 0x0000021a7e650780 Uncommon trap: reason=speculate_class_check action=maybe_recompile pc=0x0000021a257d9ecc method=org.springframework.transaction.interceptor.AbstractFallbackTransactionAttributeSource.getTransactionAttribute(Ljava/lang/reflect/Method;Ljava/lang/Class;Z)Lor
Event: 20.903 Thread 0x0000021a7e650780 DEOPT PACKING pc=0x0000021a257d9ecc sp=0x000000247b5fd1b0
Event: 20.903 Thread 0x0000021a7e650780 DEOPT UNPACKING pc=0x0000021a25026782 sp=0x000000247b5fd1b8 mode 2
Event: 20.947 Thread 0x0000021a7e650780 Uncommon trap: trap_request=0xffffff4d fr.pc=0x0000021a2561f470 relative=0x0000000000000450
Event: 20.947 Thread 0x0000021a7e650780 Uncommon trap: reason=unstable_if action=reinterpret pc=0x0000021a2561f470 method=jdk.internal.classfile.impl.StackMapGenerator$Frame.pushStack(Ljava/lang/constant/ClassDesc;)Ljdk/internal/classfile/impl/StackMapGenerator$Frame; @ 22 c2
Event: 20.947 Thread 0x0000021a7e650780 DEOPT PACKING pc=0x0000021a2561f470 sp=0x000000247b5f9ed0
Event: 20.947 Thread 0x0000021a7e650780 DEOPT UNPACKING pc=0x0000021a25026782 sp=0x000000247b5f9e78 mode 2

Classes loaded (20 events):
Event: 20.635 Loading class java/security/interfaces/XECKey
Event: 20.635 Loading class java/security/interfaces/XECKey done
Event: 20.646 Loading class java/util/zip/DeflaterOutputStream
Event: 20.646 Loading class java/util/zip/DeflaterOutputStream done
Event: 20.655 Loading class java/util/zip/GZIPInputStream
Event: 20.656 Loading class java/util/zip/GZIPInputStream done
Event: 20.656 Loading class java/util/zip/GZIPOutputStream
Event: 20.656 Loading class java/util/zip/GZIPOutputStream done
Event: 20.689 Loading class java/security/cert/X509Certificate
Event: 20.689 Loading class java/security/cert/X509Extension
Event: 20.689 Loading class java/security/cert/X509Extension done
Event: 20.689 Loading class java/security/cert/X509Certificate done
Event: 20.885 Loading class com/sun/crypto/provider/HmacCore$HmacSHA512
Event: 20.885 Loading class com/sun/crypto/provider/HmacCore$HmacSHA512 done
Event: 20.946 Loading class java/util/function/DoubleUnaryOperator
Event: 20.946 Loading class java/util/function/DoubleUnaryOperator done
Event: 21.008 Loading class java/util/EmptyStackException
Event: 21.008 Loading class java/util/EmptyStackException done
Event: 21.061 Loading class java/io/InvalidClassException
Event: 21.061 Loading class java/io/InvalidClassException done

Classes unloaded (0 events):
No events

Classes redefined (0 events):
No events

Internal exceptions (20 events):
Event: 18.461 Thread 0x0000021a12e42570 Exception <a 'java/lang/NoSuchMethodError'{0x0000000708730b60}: 'java.lang.Object java.lang.invoke.DirectMethodHandle$Holder.invokeInterface(java.lang.Object, java.lang.Object, java.lang.Object, java.lang.Object)'> (0x0000000708730b60) 
thrown [s\open\src\hotspot\share\interpreter\linkResolver.cpp, line 805]
Event: 18.580 Thread 0x0000021a12e42570 Exception <a 'java/io/IOException'{0x000000070848b358}> (0x000000070848b358) 
thrown [s\open\src\hotspot\share\prims\jni.cpp, line 518]
Event: 18.739 Thread 0x0000021a12e42570 Exception <a 'java/lang/NoSuchMethodError'{0x00000007085e8150}: 'java.lang.Object java.lang.invoke.DirectMethodHandle$Holder.invokeVirtual(java.lang.Object, java.lang.Object, int)'> (0x00000007085e8150) 
thrown [s\open\src\hotspot\share\interpreter\linkResolver.cpp, line 805]
Event: 18.984 Thread 0x0000021a12e42570 Exception <a 'java/lang/IncompatibleClassChangeError'{0x00000007081d03f8}: Found class java.lang.Object, but interface was expected> (0x00000007081d03f8) 
thrown [s\open\src\hotspot\share\interpreter\linkResolver.cpp, line 872]
Event: 19.335 Thread 0x0000021a12e42570 Exception <a 'java/lang/NoSuchMethodError'{0x0000000707a041c0}: 'int java.lang.invoke.DirectMethodHandle$Holder.invokeStaticInit(java.lang.Object, java.lang.Object, java.lang.Object, java.lang.Object)'> (0x0000000707a041c0) 
thrown [s\open\src\hotspot\share\interpreter\linkResolver.cpp, line 805]
Event: 19.454 Thread 0x0000021a12e42570 Exception <a 'java/lang/NoSuchMethodError'{0x0000000707bd4010}: 'java.lang.Object java.lang.invoke.DirectMethodHandle$Holder.invokeVirtual(java.lang.Object, java.lang.Object, java.lang.Object, java.lang.Object, java.lang.Object, java.lang.Object, java.lang.Object, java.lang.Object, java.lang.Object)'> (0x0000000707bd4010) 
thrown [s\open\src\hotspot\share\interpreter\linkResolver.cpp, line 805]
Event: 19.540 Thread 0x0000021a12e42570 Exception <a 'java/lang/NoSuchMethodError'{0x000000070798a018}: 'java.lang.Object java.lang.invoke.DirectMethodHandle$Holder.invokeVirtual(java.lang.Object, java.lang.Object, java.lang.Object, java.lang.Object, java.lang.Object, java.lang.Object, java.lang.Object, java.lang.Object, java.lang.Object, java.lang.Object)'> (0x000000070798a018) 
thrown [s\open\src\hotspot\share\interpreter\linkResolver.cpp, line 805]
Event: 19.614 Thread 0x0000021a12e42570 Exception <a 'java/lang/NoSuchMethodError'{0x00000007077609d0}: 'java.lang.Object java.lang.invoke.DirectMethodHandle$Holder.invokeStatic(java.lang.Object, java.lang.Object, java.lang.Object, java.lang.Object, java.lang.Object, java.lang.Object, java.lang.Object, java.lang.Object, java.lang.Object, java.lang.Object, java.lang.Object)'> (0x00000007077609d0) 
thrown [s\open\src\hotspot\share\interpreter\linkResolver.cpp, line 805]
Event: 19.619 Thread 0x0000021a12e42570 Exception <a 'java/lang/NoSuchMethodError'{0x00000007077938f8}: 'java.lang.Object java.lang.invoke.DirectMethodHandle$Holder.invokeStatic(java.lang.Object, java.lang.Object, java.lang.Object, java.lang.Object, java.lang.Object, java.lang.Object, java.lang.Object, java.lang.Object, java.lang.Object, java.lang.Object, java.lang.Object, java.lang.Object)'> (0x00000007077938f8) 
thrown [s\open\src\hotspot\share\interpreter\linkResolver.cpp, line 805]
Event: 19.757 Thread 0x0000021a12e42570 Exception <a 'java/lang/IncompatibleClassChangeError'{0x0000000707501118}: Found class java.lang.Object, but interface was expected> (0x0000000707501118) 
thrown [s\open\src\hotspot\share\interpreter\linkResolver.cpp, line 872]
Event: 19.909 Thread 0x0000021a12e42570 Exception <a 'java/lang/NoClassDefFoundError'{0x00000007073635c0}: org/springframework/data/util/TypeInformation> (0x00000007073635c0) 
thrown [s\open\src\hotspot\share\classfile\systemDictionary.cpp, line 316]
Event: 19.948 Thread 0x0000021a12e42570 Exception <a 'java/lang/NoSuchMethodError'{0x0000000707026a48}: 'java.lang.Object java.lang.invoke.DirectMethodHandle$Holder.newInvokeSpecial(java.lang.Object, java.lang.Object, int, java.lang.Object, java.lang.Object)'> (0x0000000707026a48) 
thrown [s\open\src\hotspot\share\interpreter\linkResolver.cpp, line 805]
Event: 20.190 Thread 0x0000021a7e47a910 Exception <a 'java/lang/NoSuchMethodError'{0x0000000706fedbd0}: 'java.lang.Object java.lang.invoke.DirectMethodHandle$Holder.invokeStatic(java.lang.Object, java.lang.Object, java.lang.Object, int, int)'> (0x0000000706fedbd0) 
thrown [s\open\src\hotspot\share\interpreter\linkResolver.cpp, line 805]
Event: 20.191 Thread 0x0000021a7e47a910 Exception <a 'java/lang/NoSuchMethodError'{0x0000000706ff5b20}: 'java.lang.Object java.lang.invoke.DirectMethodHandle$Holder.invokeStaticInit(java.lang.Object, java.lang.Object, java.lang.Object, int, int)'> (0x0000000706ff5b20) 
thrown [s\open\src\hotspot\share\interpreter\linkResolver.cpp, line 805]
Event: 20.313 Thread 0x0000021a7e650780 Exception <a 'java/lang/NoSuchMethodError'{0x0000000706a6f378}: 'java.lang.Object java.lang.invoke.DirectMethodHandle$Holder.invokeSpecial(java.lang.Object, java.lang.Object, java.lang.Object, java.lang.Object, java.lang.Object, long)'> (0x0000000706a6f378) 
thrown [s\open\src\hotspot\share\interpreter\linkResolver.cpp, line 805]
Event: 20.314 Thread 0x0000021a7e650780 Exception <a 'java/lang/NoSuchMethodError'{0x0000000706a77bf8}: 'java.lang.Object java.lang.invoke.DirectMethodHandle$Holder.invokeSpecial(java.lang.Object, java.lang.Object, java.lang.Object, java.lang.Object, java.lang.Object, java.lang.Object, long)'> (0x0000000706a77bf8) 
thrown [s\open\src\hotspot\share\interpreter\linkResolver.cpp, line 805]
Event: 20.315 Thread 0x0000021a7e650780 Exception <a 'java/lang/NoSuchMethodError'{0x0000000706a7ff60}: 'java.lang.Object java.lang.invoke.DelegatingMethodHandle$Holder.reinvoke_L(java.lang.Object, java.lang.Object, java.lang.Object, java.lang.Object, java.lang.Object, long)'> (0x0000000706a7ff60) 
thrown [s\open\src\hotspot\share\interpreter\linkResolver.cpp, line 805]
Event: 20.316 Thread 0x0000021a7e650780 Exception <a 'java/lang/NoSuchMethodError'{0x0000000706a90518}: 'java.lang.Object java.lang.invoke.Invokers$Holder.linkToTargetMethod(java.lang.Object, java.lang.Object, java.lang.Object, long, java.lang.Object)'> (0x0000000706a90518) 
thrown [s\open\src\hotspot\share\interpreter\linkResolver.cpp, line 805]
Event: 20.947 Thread 0x0000021a7e650780 Exception <a 'java/lang/NoSuchMethodError'{0x00000007065b04c0}: 'double java.lang.invoke.DirectMethodHandle$Holder.invokeStatic(java.lang.Object, double)'> (0x00000007065b04c0) 
thrown [s\open\src\hotspot\share\interpreter\linkResolver.cpp, line 805]
Event: 20.947 Thread 0x0000021a7e650780 Exception <a 'java/lang/NoSuchMethodError'{0x00000007065bf8d0}: 'double java.lang.invoke.DirectMethodHandle$Holder.invokeStaticInit(java.lang.Object, double)'> (0x00000007065bf8d0) 
thrown [s\open\src\hotspot\share\interpreter\linkResolver.cpp, line 805]

VM Operations (20 events):
Event: 18.857 Executing VM operation: HandshakeAllThreads (Deoptimize)
Event: 18.857 Executing VM operation: HandshakeAllThreads (Deoptimize) done
Event: 19.036 Executing VM operation: HandshakeAllThreads (Deoptimize)
Event: 19.036 Executing VM operation: HandshakeAllThreads (Deoptimize) done
Event: 19.271 Executing VM operation: HandshakeAllThreads (Deoptimize)
Event: 19.271 Executing VM operation: HandshakeAllThreads (Deoptimize) done
Event: 20.340 Executing VM operation: HandshakeAllThreads (Deoptimize)
Event: 20.340 Executing VM operation: HandshakeAllThreads (Deoptimize) done
Event: 20.359 Executing VM operation: HandshakeAllThreads (Deoptimize)
Event: 20.359 Executing VM operation: HandshakeAllThreads (Deoptimize) done
Event: 20.690 Executing VM operation: HandshakeAllThreads (Deoptimize)
Event: 20.690 Executing VM operation: HandshakeAllThreads (Deoptimize) done
Event: 20.877 Executing VM operation: HandshakeAllThreads (Deoptimize)
Event: 20.877 Executing VM operation: HandshakeAllThreads (Deoptimize) done
Event: 20.886 Executing VM operation: HandshakeAllThreads (Deoptimize)
Event: 20.886 Executing VM operation: HandshakeAllThreads (Deoptimize) done
Event: 21.090 Executing VM operation: HandshakeAllThreads (Deoptimize)
Event: 21.090 Executing VM operation: HandshakeAllThreads (Deoptimize) done
Event: 21.173 Executing VM operation: G1CollectForAllocation (G1 Evacuation Pause)
Event: 21.191 Executing VM operation: G1CollectForAllocation (G1 Evacuation Pause) done

Memory protections (0 events):
No events

Nmethod flushes (20 events):
Event: 14.280 Thread 0x0000021a31ff8ea0 flushing  nmethod 0x0000021a1de2ec08
Event: 14.280 Thread 0x0000021a31ff8ea0 flushing  nmethod 0x0000021a1de32108
Event: 14.280 Thread 0x0000021a31ff8ea0 flushing  nmethod 0x0000021a1de3ea08
Event: 14.280 Thread 0x0000021a31ff8ea0 flushing  nmethod 0x0000021a1de43a88
Event: 14.280 Thread 0x0000021a31ff8ea0 flushing  nmethod 0x0000021a1de68408
Event: 14.280 Thread 0x0000021a31ff8ea0 flushing  nmethod 0x0000021a1de7fd88
Event: 14.280 Thread 0x0000021a31ff8ea0 flushing  nmethod 0x0000021a1de83988
Event: 14.280 Thread 0x0000021a31ff8ea0 flushing  nmethod 0x0000021a1dee0f08
Event: 14.280 Thread 0x0000021a31ff8ea0 flushing  nmethod 0x0000021a1dee6c88
Event: 14.280 Thread 0x0000021a31ff8ea0 flushing  nmethod 0x0000021a1df0f388
Event: 14.280 Thread 0x0000021a31ff8ea0 flushing  nmethod 0x0000021a1df0fd88
Event: 14.280 Thread 0x0000021a31ff8ea0 flushing  nmethod 0x0000021a1df46788
Event: 14.280 Thread 0x0000021a31ff8ea0 flushing  nmethod 0x0000021a1df70988
Event: 14.280 Thread 0x0000021a31ff8ea0 flushing  nmethod 0x0000021a1df8ae88
Event: 14.280 Thread 0x0000021a31ff8ea0 flushing  nmethod 0x0000021a1dfa2388
Event: 14.280 Thread 0x0000021a31ff8ea0 flushing  nmethod 0x0000021a1dfbd708
Event: 14.280 Thread 0x0000021a31ff8ea0 flushing  nmethod 0x0000021a1dfec508
Event: 14.280 Thread 0x0000021a31ff8ea0 flushing  nmethod 0x0000021a1e01be88
Event: 14.280 Thread 0x0000021a31ff8ea0 flushing  nmethod 0x0000021a1e01dd08
Event: 14.280 Thread 0x0000021a31ff8ea0 flushing  nmethod 0x0000021a1e152208

Events (20 events):
Event: 18.840 Thread 0x0000021a7b302ce0 Thread exited: 0x0000021a7b302ce0
Event: 18.887 Thread 0x0000021a348adbc0 Thread added: 0x0000021a7c00a9b0
Event: 19.978 Thread 0x0000021a12e42570 Thread added: 0x0000021a7e653360
Event: 19.979 Thread 0x0000021a12e42570 Thread added: 0x0000021a7e650780
Event: 19.979 Thread 0x0000021a12e42570 Thread added: 0x0000021a7e6550a0
Event: 19.979 Thread 0x0000021a12e42570 Thread added: 0x0000021a7e654200
Event: 19.979 Thread 0x0000021a12e42570 Thread added: 0x0000021a7e654950
Event: 19.979 Thread 0x0000021a12e42570 Thread added: 0x0000021a7e656de0
Event: 19.979 Thread 0x0000021a12e42570 Thread added: 0x0000021a7e657530
Event: 19.980 Thread 0x0000021a12e42570 Thread added: 0x0000021a7e657c80
Event: 19.980 Thread 0x0000021a12e42570 Thread added: 0x0000021a7e655f40
Event: 19.980 Thread 0x0000021a12e42570 Thread added: 0x0000021a7e6557f0
Event: 20.028 Thread 0x0000021a12e42570 Thread added: 0x0000021a7e656690
Event: 20.033 Thread 0x0000021a12e42570 Thread added: 0x0000021a7e47a910
Event: 20.082 Thread 0x0000021a12e42570 Thread exited: 0x0000021a12e42570
Event: 20.082 Thread 0x0000021a7e47b060 Thread added: 0x0000021a7e47b060
Event: 20.476 Thread 0x0000021a7c00a9b0 Thread exited: 0x0000021a7c00a9b0
Event: 20.490 Thread 0x0000021a7b303c00 Thread exited: 0x0000021a7b303c00
Event: 20.747 Thread 0x0000021a348adbc0 Thread added: 0x0000021a7c00a9b0
Event: 21.077 Thread 0x0000021a7c00a9b0 Thread exited: 0x0000021a7c00a9b0


Dynamic libraries:
0x00007ff758510000 - 0x00007ff75851e000 	C:\Users\gifte\.jdks\openjdk-24\bin\java.exe
0x00007fff5c440000 - 0x00007fff5c6a7000 	C:\WINDOWS\SYSTEM32\ntdll.dll
0x00007fff5b0e0000 - 0x00007fff5b1a9000 	C:\WINDOWS\System32\KERNEL32.DLL
0x00007fff59d20000 - 0x00007fff5a10f000 	C:\WINDOWS\System32\KERNELBASE.dll
0x00007fff599d0000 - 0x00007fff59b1b000 	C:\WINDOWS\System32\ucrtbase.dll
0x00007fff51950000 - 0x00007fff5196b000 	C:\Users\gifte\.jdks\openjdk-24\bin\VCRUNTIME140.dll
0x00007fff50230000 - 0x00007fff50246000 	C:\Users\gifte\.jdks\openjdk-24\bin\jli.dll
0x00007fff5b290000 - 0x00007fff5b455000 	C:\WINDOWS\System32\USER32.dll
0x00007fff3c040000 - 0x00007fff3c2d3000 	C:\WINDOWS\WinSxS\amd64_microsoft.windows.common-controls_6595b64144ccf1df_6.0.26100.7309_none_3e05feeae336a044\COMCTL32.dll
0x00007fff597c0000 - 0x00007fff597e7000 	C:\WINDOWS\System32\win32u.dll
0x00007fff5b5e0000 - 0x00007fff5b689000 	C:\WINDOWS\System32\msvcrt.dll
0x00007fff5a1e0000 - 0x00007fff5a20b000 	C:\WINDOWS\System32\GDI32.dll
0x00007fff598a0000 - 0x00007fff599cc000 	C:\WINDOWS\System32\gdi32full.dll
0x00007fff597f0000 - 0x00007fff59893000 	C:\WINDOWS\System32\msvcp_win.dll
0x00007fff5a8a0000 - 0x00007fff5a8d1000 	C:\WINDOWS\System32\IMM32.DLL
0x00007fff55f70000 - 0x00007fff55f7c000 	C:\Users\gifte\.jdks\openjdk-24\bin\vcruntime140_1.dll
0x00007fff446e0000 - 0x00007fff4476e000 	C:\Users\gifte\.jdks\openjdk-24\bin\msvcp140.dll
0x00007ffee4700000 - 0x00007ffee54a2000 	C:\Users\gifte\.jdks\openjdk-24\bin\server\jvm.dll
0x00007fff5aa90000 - 0x00007fff5ab44000 	C:\WINDOWS\System32\ADVAPI32.dll
0x00007fff5a7e0000 - 0x00007fff5a886000 	C:\WINDOWS\System32\sechost.dll
0x00007fff5c290000 - 0x00007fff5c3a8000 	C:\WINDOWS\System32\RPCRT4.dll
0x00007fff5aa10000 - 0x00007fff5aa84000 	C:\WINDOWS\System32\WS2_32.dll
0x00007fff593f0000 - 0x00007fff5944e000 	C:\WINDOWS\SYSTEM32\POWRPROF.dll
0x00007fff46350000 - 0x00007fff46385000 	C:\WINDOWS\SYSTEM32\WINMM.dll
0x00007fff50d00000 - 0x00007fff50d0b000 	C:\WINDOWS\SYSTEM32\VERSION.dll
0x00007fff593d0000 - 0x00007fff593e4000 	C:\WINDOWS\SYSTEM32\UMPDC.dll
0x00007fff58300000 - 0x00007fff5831b000 	C:\WINDOWS\SYSTEM32\kernel.appcore.dll
0x00007fff50510000 - 0x00007fff5051a000 	C:\Users\gifte\.jdks\openjdk-24\bin\jimage.dll
0x00007fff56e30000 - 0x00007fff57072000 	C:\WINDOWS\SYSTEM32\DBGHELP.DLL
0x00007fff5ad50000 - 0x00007fff5b0d6000 	C:\WINDOWS\System32\combase.dll
0x00007fff5b1b0000 - 0x00007fff5b286000 	C:\WINDOWS\System32\OLEAUT32.dll
0x00007fff3a0a0000 - 0x00007fff3a0dc000 	C:\WINDOWS\SYSTEM32\dbgcore.DLL
0x00007fff59590000 - 0x00007fff59635000 	C:\WINDOWS\System32\bcryptPrimitives.dll
0x00007fff51970000 - 0x00007fff5197f000 	C:\Users\gifte\.jdks\openjdk-24\bin\instrument.dll
0x00007fff50210000 - 0x00007fff5022e000 	C:\Users\gifte\.jdks\openjdk-24\bin\java.dll
0x00007fff5bf60000 - 0x00007fff5c0f7000 	C:\WINDOWS\System32\ole32.dll
0x00007fff5b690000 - 0x00007fff5bde3000 	C:\WINDOWS\System32\SHELL32.dll
0x00007fff59bb0000 - 0x00007fff59d1a000 	C:\WINDOWS\System32\wintypes.dll
0x00007fff57170000 - 0x00007fff579ce000 	C:\WINDOWS\SYSTEM32\windows.storage.dll
0x00007fff5a8e0000 - 0x00007fff5a9d5000 	C:\WINDOWS\System32\SHCORE.dll
0x00007fff5a770000 - 0x00007fff5a7d6000 	C:\WINDOWS\System32\shlwapi.dll
0x00007fff594b0000 - 0x00007fff594d9000 	C:\WINDOWS\SYSTEM32\profapi.dll
0x00007fff417b0000 - 0x00007fff41887000 	C:\Users\gifte\.jdks\openjdk-24\bin\jsvml.dll
0x00007fff50190000 - 0x00007fff501a7000 	C:\Users\gifte\.jdks\openjdk-24\bin\zip.dll
0x00007fff501d0000 - 0x00007fff501e0000 	C:\Users\gifte\.jdks\openjdk-24\bin\net.dll
0x00007fff58850000 - 0x00007fff588bb000 	C:\WINDOWS\system32\mswsock.dll
0x00007fff501b0000 - 0x00007fff501c6000 	C:\Users\gifte\.jdks\openjdk-24\bin\nio.dll
0x00007fff50180000 - 0x00007fff50189000 	C:\Users\gifte\.jdks\openjdk-24\bin\extnet.dll
0x00007fff50100000 - 0x00007fff5010e000 	C:\Users\gifte\.jdks\openjdk-24\bin\sunmscapi.dll
0x00007fff59640000 - 0x00007fff597b7000 	C:\WINDOWS\System32\CRYPT32.dll
0x00007fff58d90000 - 0x00007fff58dc0000 	C:\WINDOWS\SYSTEM32\ncrypt.dll
0x00007fff58d40000 - 0x00007fff58d7f000 	C:\WINDOWS\SYSTEM32\NTASN1.dll
0x00007fff58c40000 - 0x00007fff58c5b000 	C:\WINDOWS\SYSTEM32\CRYPTSP.dll
0x00007fff58260000 - 0x00007fff5829a000 	C:\WINDOWS\system32\rsaenh.dll
0x00007fff58900000 - 0x00007fff5892b000 	C:\WINDOWS\SYSTEM32\USERENV.dll
0x00007fff59480000 - 0x00007fff594aa000 	C:\WINDOWS\SYSTEM32\bcrypt.dll
0x00007fff58aa0000 - 0x00007fff58aac000 	C:\WINDOWS\SYSTEM32\CRYPTBASE.dll
0x00007fff57cf0000 - 0x00007fff57d24000 	C:\WINDOWS\SYSTEM32\IPHLPAPI.DLL
0x00007fff5c100000 - 0x00007fff5c10a000 	C:\WINDOWS\System32\NSI.dll
0x00007fff50380000 - 0x00007fff5038a000 	C:\Users\gifte\.jdks\openjdk-24\bin\management.dll
0x00007fff500f0000 - 0x00007fff500fb000 	C:\Users\gifte\.jdks\openjdk-24\bin\management_ext.dll
0x00007fff5a890000 - 0x00007fff5a898000 	C:\WINDOWS\System32\PSAPI.DLL
0x00007fff57d30000 - 0x00007fff57e5c000 	C:\WINDOWS\SYSTEM32\DNSAPI.dll
0x00007fff40710000 - 0x00007fff4071b000 	C:\Windows\System32\rasadhlp.dll
0x00007fff50d10000 - 0x00007fff50d96000 	C:\WINDOWS\System32\fwpuclnt.dll
0x00007fff3eb50000 - 0x00007fff3eb58000 	C:\WINDOWS\system32\wshunix.dll

dbghelp: loaded successfully - version: 4.0.5 - missing functions: none
symbol engine: initialized successfully - sym options: 0x614 - pdb path: .;C:\Users\gifte\.jdks\openjdk-24\bin;C:\WINDOWS\SYSTEM32;C:\WINDOWS\WinSxS\amd64_microsoft.windows.common-controls_6595b64144ccf1df_6.0.26100.7309_none_3e05feeae336a044;C:\Users\gifte\.jdks\openjdk-24\bin\server

VM Arguments:
jvm_args: -javaagent:D:\IntelliJ IDEA Community Edition 2024.3.5\lib\idea_rt.jar=62666 -Dfile.encoding=UTF-8 -Dsun.stdout.encoding=UTF-8 -Dsun.stderr.encoding=UTF-8 
java_command: by.forestapp.stepOne.StepOneApplication
java_class_path (initial): D:\forestApp\stepOne\target\classes;C:\Users\gifte\.m2\repository\org\springframework\boot\spring-boot-starter-data-jpa\4.0.2\spring-boot-starter-data-jpa-4.0.2.jar;C:\Users\gifte\.m2\repository\org\springframework\boot\spring-boot-starter\4.0.2\spring-boot-starter-4.0.2.jar;C:\Users\gifte\.m2\repository\org\springframework\boot\spring-boot-starter-logging\4.0.2\spring-boot-starter-logging-4.0.2.jar;C:\Users\gifte\.m2\repository\ch\qos\logback\logback-classic\1.5.25\logback-classic-1.5.25.jar;C:\Users\gifte\.m2\repository\ch\qos\logback\logback-core\1.5.25\logback-core-1.5.25.jar;C:\Users\gifte\.m2\repository\org\apache\logging\log4j\log4j-to-slf4j\2.25.3\log4j-to-slf4j-2.25.3.jar;C:\Users\gifte\.m2\repository\org\apache\logging\log4j\log4j-api\2.25.3\log4j-api-2.25.3.jar;C:\Users\gifte\.m2\repository\org\slf4j\jul-to-slf4j\2.0.17\jul-to-slf4j-2.0.17.jar;C:\Users\gifte\.m2\repository\org\springframework\boot\spring-boot-autoconfigure\4.0.2\spring-boot-autoconfigure-4.0.2.jar;C:\Users\gifte\.m2\repository\jakarta\annotation\jakarta.annotation-api\3.0.0\jakarta.annotation-api-3.0.0.jar;C:\Users\gifte\.m2\repository\org\yaml\snakeyaml\2.5\snakeyaml-2.5.jar;C:\Users\gifte\.m2\repository\org\springframework\boot\spring-boot-starter-jdbc\4.0.2\spring-boot-starter-jdbc-4.0.2.jar;C:\Users\gifte\.m2\repository\com\zaxxer\HikariCP\7.0.2\HikariCP-7.0.2.jar;C:\Users\gifte\.m2\repository\org\springframework\boot\spring-boot-data-jpa\4.0.2\spring-boot-data-jpa-4.0.2.jar;C:\Users\gifte\.m2\repository\org\springframework\boot\spring-boot-data-commons\4.0.2\spring-boot-data-commons-4.0.2.jar;C:\Users\gifte\.m2\repository\org\springframework\boot\spring-boot-persistence\4.0.2\spring-boot-persistence-4.0.2.jar;C:\Users\gifte\.m2\repository\org\springframework\data\spring-data-commons\4.0.2\spring-data-commons-4.0.2.jar;C:\Users\gifte\.m2\repository\org\springframework\boot\spring-boot-hibernate\4.0.2\spring-boot-hibernate-4.0.2.jar;C:\Users\gifte\.m2\repository\org\springframework\boot\spring-boot-jpa\4.0.2\spring-boot-jpa-4.0.2.jar;C:\Users\gifte\.m2\repository\jakarta\persistence\jakarta.persistence-api\3.2.0\jakarta.persistence-api-3.2.0.jar;C:\Users\gifte\.m2\repository\org\hibernate\orm\hibernate-core\7.2.1.Final\hibernate-core-7.2.1.Final.jar;C:\Users\gifte\.m2\repository\jakarta\transaction\jakarta.transaction-api\2.0.1\jakarta.transaction-api-2.0.1.jar;C:\Users\gifte\.m2\repository\org\hibernate\models\hibernate-models\1.0.1\hibernate-models-1.0.1.jar;C:\Users\gifte\.m2\repository\org\glassfish\jaxb\jaxb-runtime\4.0.6\jaxb-runtime-4.0.6.jar;C:\Users\gifte\.m2\repository\org\glassfish\jaxb\jaxb-core\4.0.6\jaxb-core-4.0.6.jar;C:\Users\gifte\.m2\repository\org\eclipse\angus\angus-activation\2.0.3\angus-activation-2.0.3.jar;C:\Users\gifte\.m2\repository\org\glassfish\jaxb\txw2\4.0.6\txw2-4.0.6.jar;C:\Users\gifte\.m2\repository\com\sun\istack\istack-commons-runtime\4.1.2\istack-commons-runtime-4.1.2.jar;C:\Users\gifte\.m2\repository\jakarta\inject\jakarta.inject-api\2.0.1\jakarta.inject-api-2.0.1.jar;C:\Users\gifte\.m2\repository\org\springframework\spring-orm\7.0.3\spring-orm-7.0.3.jar;C:\Users\gifte\.m2\repository\org\springframework\data\spring-data-jpa\4.0.2\spring-data-jpa-4.0.2.jar;C:\Users\gifte\.m2\repository\org\springframework\spring-tx\7.0.3\spring-tx-7.0.3.jar;C:\Users\gifte\.m2\repository\org\antlr\antlr4-runtime\4.13.2\antlr4-runtime-4.13.2.jar;C:\Users\gifte\.m2\repository\org\springframework\spring-aspects\7.0.3\spring-aspects-7.0.3.jar;C:\Users\gifte\.m2\repository\org\aspectj\aspectjweaver\1.9.25.1\aspectjweaver-1.9.25.1.jar;C:\Users\gifte\.m2\repository\org\springframework\boot\spring-boot-jdbc\4.0.2\spring-boot-jdbc-4.0.2.jar;C:\Users\gifte\.m2\repository\org\springframework\boot\spring-boot\4.0.2\spring-boot-4.0.2.jar;C:\Users\gifte\.m2\repository\org\springframework\boot\spring-boot-sql\4.0.2\spring-boot-sql-4.0.2.jar;C:\Users\gifte\.m2\repository\org\springframework\boot\spring-boot-transaction\4.0.2\spring-boot-transaction-4.0.2.jar;C:\Users\gifte\.m2\repository\org\springframework\spring-jdbc\7.0.3\spring-jdbc-7.0.3.jar;C:\Users\gifte\.m2\repository\org\springframework\boot\spring-boot-starter-security\4.0.2\spring-boot-starter-security-4.0.2.jar;C:\Users\gifte\.m2\repository\org\springframework\boot\spring-boot-security\4.0.2\spring-boot-security-4.0.2.jar;C:\Users\gifte\.m2\repository\org\springframework\security\spring-security-config\7.0.2\spring-security-config-7.0.2.jar;C:\Users\gifte\.m2\repository\org\springframework\spring-aop\7.0.3\spring-aop-7.0.3.jar;C:\Users\gifte\.m2\repository\org\springframework\spring-beans\7.0.3\spring-beans-7.0.3.jar;C:\Users\gifte\.m2\repository\org\springframework\boot\spring-boot-starter-web\4.0.2\spring-boot-starter-web-4.0.2.jar;C:\Users\gifte\.m2\repository\org\springframework\boot\spring-boot-starter-jackson\4.0.2\spring-boot-starter-jackson-4.0.2.jar;C:\Users\gifte\.m2\repository\org\springframework\boot\spring-boot-jackson\4.0.2\spring-boot-jackson-4.0.2.jar;C:\Users\gifte\.m2\repository\tools\jackson\core\jackson-databind\3.0.4\jackson-databind-3.0.4.jar;C:\Users\gifte\.m2\repository\tools\jackson\core\jackson-core\3.0.4\jackson-core-3.0.4.jar;C:\Users\gifte\.m2\repository\org\springframework\boot\spring-boot-starter-tomcat\4.0.2\spring-boot-starter-tomcat-4.0.2.jar;C:\Users\gifte\.m2\repository\org\springframework\boot\spring-boot-starter-tomcat-runtime\4.0.2\spring-boot-starter-tomcat-runtime-4.0.2.jar;C:\Users\gifte\.m2\repository\org\springframework\boot\spring-boot-web-server\4.0.2\spring-boot-web-server-4.0.2.jar;C:\Users\gifte\.m2\repository\org\apache\tomcat\embed\tomcat-embed-core\11.0.15\tomcat-embed-core-11.0.15.jar;C:\Users\gifte\.m2\repository\org\apache\tomcat\embed\tomcat-embed-websocket\11.0.15\tomcat-embed-websocket-11.0.15.jar;C:\Users\gifte\.m2\repository\org\springframework\boot\spring-boot-tomcat\4.0.2\spring-boot-tomcat-4.0.2.jar;C:\Users\gifte\.m2\repository\org\springframework\boot\spring-boot-http-converter\4.0.2\spring-boot-http-converter-4.0.2.jar;C:\Users\gifte\.m2\repository\org\springframework\spring-web\7.0.3\spring-web-7.0.3.jar;C:\Users\gifte\.m2\repository\org\springframework\boot\spring-boot-webmvc\4.0.2\spring-boot-webmvc-4.0.2.jar;C:\Users\gifte\.m2\repository\org\springframework\boot\spring-boot-servlet\4.0.2\spring-boot-servlet-4.0.2.jar;C:\Users\gifte\.m2\repository\org\springframework\spring-webmvc\7.0.3\spring-webmvc-7.0.3.jar;C:\Users\gifte\.m2\repository\org\springframework\boot\spring-boot-starter-validation\4.0.2\spring-boot-starter-validation-4.0.2.jar;C:\Users\gifte\.m2\repository\org\springframework\boot\spring-boot-validation\4.0.2\spring-boot-validation-4.0.2.jar;C:\Users\gifte\.m2\repository\org\apache\tomcat\embed\tomcat-embed-el\11.0.15\tomcat-embed-el-11.0.15.jar;C:\Users\gifte\.m2\repository\org\hibernate\validator\hibernate-validator\9.0.1.Final\hibernate-validator-9.0.1.Final.jar;C:\Users\gifte\.m2\repository\jakarta\validation\jakarta.validation-api\3.1.1\jakarta.validation-api-3.1.1.jar;C:\Users\gifte\.m2\repository\org\jboss\logging\jboss-logging\3.6.1.Final\jboss-logging-3.6.1.Final.jar;C:\Users\gifte\.m2\repository\com\fasterxml\classmate\1.7.3\classmate-1.7.3.jar;C:\Users\gifte\.m2\repository\io\jsonwebtoken\jjwt-api\0.12.6\jjwt-api-0.12.6.jar;C:\Users\gifte\.m2\repository\io\jsonwebtoken\jjwt-impl\0.12.6\jjwt-impl-0.12.6.jar;C:\Users\gifte\.m2\repository\io\jsonwebtoken\jjwt-jackson\0.12.6\jjwt-jackson-0.12.6.jar;C:\Users\gifte\.m2\repository\com\fasterxml\jackson\core\jackson-databind\2.20.2\jackson-databind-2.20.2.jar;C:\Users\gifte\.m2\repository\com\fasterxml\jackson\core\jackson-annotations\2.20\jackson-annotations-2.20.jar;C:\Users\gifte\.m2\repository\com\fasterxml\jackson\core\jackson-core\2.20.2\jackson-core-2.20.2.jar;C:\Users\gifte\.m2\repository\org\postgresql\postgresql\42.7.9\postgresql-42.7.9.jar;C:\Users\gifte\.m2\repository\org\checkerframework\checker-qual\3.52.0\checker-qual-3.52.0.jar;C:\Users\gifte\.m2\repository\org\slf4j\slf4j-api\2.0.17\slf4j-api-2.0.17.jar;C:\Users\gifte\.m2\repository\jakarta\xml\bind\jakarta.xml.bind-api\4.0.4\jakarta.xml.bind-api-4.0.4.jar;C:\Users\gifte\.m2\repository\jakarta\activation\jakarta.activation-api\2.1.4\jakarta.activation-api-2.1.4.jar;C:\Users\gifte\.m2\repository\net\bytebuddy\byte-buddy\1.17.8\byte-buddy-1.17.8.jar;C:\Users\gifte\.m2\repository\org\springframework\spring-core\7.0.3\spring-core-7.0.3.jar;C:\Users\gifte\.m2\repository\commons-logging\commons-logging\1.3.5\commons-logging-1.3.5.jar;C:\Users\gifte\.m2\repository\org\jspecify\jspecify\1.0.0\jspecify-1.0.0.jar;C:\Users\gifte\.m2\repository\org\springframework\security\spring-security-core\7.0.2\spring-security-core-7.0.2.jar;C:\Users\gifte\.m2\repository\org\springframework\security\spring-security-crypto\7.0.2\spring-security-crypto-7.0.2.jar;C:\Users\gifte\.m2\repository\org\springframework\spring-context\7.0.3\spring-context-7.0.3.jar;C:\Users\gifte\.m2\repository\org\springframework\spring-expression\7.0.3\spring-expression-7.0.3.jar;C:\Users\gifte\.m2\repository\io\micrometer\micrometer-observation\1.16.2\micrometer-observation-1.16.2.jar;C:\Users\gifte\.m2\repository\io\micrometer\micrometer-commons\1.16.2\micrometer-commons-1.16.2.jar;C:\Users\gifte\.m2\repository\org\springframework\security\spring-security-web\7.0.2\spring-security-web-7.0.2.jar;C:\Users\gifte\.m2\repository\org\springdoc\springdoc-openapi-starter-webmvc-ui\2.6.0\springdoc-openapi-starter-webmvc-ui-2.6.0.jar;C:\Users\gifte\.m2\repository\org\springdoc\springdoc-openapi-starter-webmvc-api\2.6.0\springdoc-openapi-starter-webmvc-api-2.6.0.jar;C:\Users\gifte\.m2\repository\org\springdoc\springdoc-openapi-starter-common\2.6.0\springdoc-openapi-starter-common-2.6.0.jar;C:\Users\gifte\.m2\repository\io\swagger\core\v3\swagger-core-jakarta\2.2.22\swagger-core-jakarta-2.2.22.jar;C:\Users\gifte\.m2\repository\org\apache\commons\commons-lang3\3.19.0\commons-lang3-3.19.0.jar;C:\Users\gifte\.m2\repository\io\swagger\core\v3\swagger-annotations-jakarta\2.2.22\swagger-annotations-jakarta-2.2.22.jar;C:\Users\gifte\.m2\repository\io\swagger\core\v3\swagger-models-jakarta\2.2.22\swagger-models-jakarta-2.2.22.jar;C:\Users\gifte\.m2\repository\com\fasterxml\jackson\dataformat\jackson-dataformat-yaml\2.20.2\jackson-dataformat-yaml-2.20.2.jar;C:\Users\gifte\.m2\repository\com\fasterxml\jackson\datatype\jackson-datatype-jsr310\2.20.2\jackson-datatype-jsr310-2.20.2.jar;C:\Users\gifte\.m2\repository\org\webjars\swagger-ui\5.17.14\swagger-ui-5.17.14.jar;C:\Users\gifte\.m2\repository\org\springframework\boot\spring-boot-starter-oauth2-resource-server\4.0.2\spring-boot-starter-oauth2-resource-server-4.0.2.jar;C:\Users\gifte\.m2\repository\org\springframework\boot\spring-boot-security-oauth2-resource-server\4.0.2\spring-boot-security-oauth2-resource-server-4.0.2.jar;C:\Users\gifte\.m2\repository\org\springframework\security\spring-security-oauth2-jose\7.0.2\spring-security-oauth2-jose-7.0.2.jar;C:\Users\gifte\.m2\repository\org\springframework\security\spring-security-oauth2-core\7.0.2\spring-security-oauth2-core-7.0.2.jar;C:\Users\gifte\.m2\repository\com\nimbusds\nimbus-jose-jwt\10.4\nimbus-jose-jwt-10.4.jar;C:\Users\gifte\.m2\repository\org\springframework\security\spring-security-oauth2-resource-server\7.0.2\spring-security-oauth2-resource-server-7.0.2.jar
Launcher Type: SUN_STANDARD

[Global flags]
     intx CICompilerCount                          = 4                                         {product} {ergonomic}
     uint ConcGCThreads                            = 2                                         {product} {ergonomic}
     uint G1ConcRefinementThreads                  = 8                                         {product} {ergonomic}
   size_t G1HeapRegionSize                         = 2097152                                   {product} {ergonomic}
   size_t InitialHeapSize                          = 266338304                                 {product} {ergonomic}
   size_t MarkStackSize                            = 4194304                                   {product} {ergonomic}
   size_t MarkStackSizeMax                         = 536870912                                 {product} {ergonomic}
   size_t MaxHeapSize                              = 4253024256                                {product} {ergonomic}
   size_t MaxNewSize                               = 2550136832                                {product} {ergonomic}
   size_t MinHeapDeltaBytes                        = 2097152                                   {product} {ergonomic}
   size_t MinHeapSize                              = 8388608                                   {product} {ergonomic}
    uintx NonNMethodCodeHeapSize                   = 5832704                                {pd product} {ergonomic}
    uintx NonProfiledCodeHeapSize                  = 122945536                              {pd product} {ergonomic}
    uintx ProfiledCodeHeapSize                     = 122880000                              {pd product} {ergonomic}
    uintx ReservedCodeCacheSize                    = 251658240                              {pd product} {ergonomic}
     bool SegmentedCodeCache                       = true                                      {product} {ergonomic}
   size_t SoftMaxHeapSize                          = 4253024256                             {manageable} {ergonomic}
     bool UseCompressedOops                        = true                           {product lp64_product} {ergonomic}
     bool UseG1GC                                  = true                                      {product} {ergonomic}
     bool UseLargePagesIndividualAllocation        = false                                  {pd product} {ergonomic}

Logging:
Log output configuration:
 #0: stdout all=warning uptime,level,tags foldmultilines=false
 #1: stderr all=off uptime,level,tags foldmultilines=false

Environment Variables:
PATH=C:\WINDOWS\system32;C:\WINDOWS;C:\WINDOWS\System32\Wbem;C:\WINDOWS\System32\WindowsPowerShell\v1.0\;C:\WINDOWS\System32\OpenSSH\;C:\Program Files\dotnet\;C:\Program Files\nodejs\;C:\Program Files\PuTTY\;C:\Program Files\Git\cmd;C:\php-8.2.28-Win32-vs16-x86;C:\composer;C:\Users\gifte\AppData\Roaming\Composer\vendor\bin;C:\Users\gifte\AppData\Local\Microsoft\WindowsApps;C:\Users\gifte\AppData\Local\Programs\Microsoft VS Code\bin;C:\Users\gifte\AppData\Roaming\npm;D:\IntelliJ IDEA Community Edition 2024.3.5\bin;;C:\php-8.2.28-Win32-vs16-x86;C:\Users\gifte\AppData\Roaming\Composer\vendor\bin;
USERNAME=gifte
OS=Windows_NT
PROCESSOR_IDENTIFIER=Intel64 Family 6 Model 142 Stepping 12, GenuineIntel
TMP=C:\Users\gifte\AppData\Local\Temp
TEMP=C:\Users\gifte\AppData\Local\Temp




Periodic native trim disabled

---------------  S Y S T E M  ---------------

OS:
 Windows 11 , 64 bit Build 26100 (10.0.26100.7623)
OS uptime: 9 days 18:57 hours
Hyper-V role detected

CPU: total 8 (initial active 8) (4 cores per cpu, 2 threads per core) family 6 model 142 stepping 12 microcode 0x100, cx8, cmov, fxsr, ht, mmx, 3dnowpref, sse, sse2, sse3, ssse3, sse4.1, sse4.2, popcnt, lzcnt, tsc, tscinvbit, avx, avx2, aes, erms, clmul, bmi1, bmi2, adx, fma, vzeroupper, clflush, clflushopt, hv, rdtscp, f16c
Processor Information for the first 8 processors :
  Max Mhz: 2112, Current Mhz: 1609, Mhz Limit: 1605

Memory: 4k page, system-wide physical 16221M (1743M free)
TotalPageFile size 31053M (AvailPageFile size 85M)
current process WorkingSet (physical memory assigned to process): 313M, peak: 333M
current process commit charge ("private bytes"): 349M, peak: 399M

vm_info: OpenJDK 64-Bit Server VM (24+36-3646) for windows-amd64 JRE (24+36-3646), built on 2025-02-06T00:20:43Z with MS VC++ 17.6 (VS2022)

END.
